<?xml version="1.0" encoding="utf-8"?><testsuites name="pytest tests"><testsuite name="pytest" errors="0" failures="0" skipped="0" tests="7" time="10.664" timestamp="2026-08-12T14:12:30.062852+00:00" hostname="agent-env-7dcd9ac3-8a4e-426b-9cf5-641e8f89f92c"><testcase classname="tests.backend_test.TestConcierge" name="test_empty_message_400" time="0.139" /><testcase classname="tests.backend_test.TestHealth" name="test_root" time="0.145" /><testcase classname="tests.backend_test.TestConcierge" name="test_food_budget_recommendation" time="2.764" /><testcase classname="tests.backend_test.TestCatalog" name="test_catalog_shape" time="0.160" /><testcase classname="tests.backend_test.TestStatus" name="test_create_and_read" time="0.137" /><testcase classname="tests.backend_test.TestConcierge" name="test_tiffin_intent" time="3.409" /><testcase classname="tests.backend_test.TestConcierge" name="test_session_persistence" time="4.037" /></testsuite></testsuites>